<?xml version="1.0" encoding="utf-8"?><testsuites name="pytest tests"><testsuite name="pytest" errors="0" failures="0" skipped="0" tests="46" time="6.231" timestamp="2026-08-19T10:02:57.496761+00:00" hostname="agent-env-505f4e5e-64d1-4e99-98f0-db36239fe83c"><testcase classname="tests.backend_test.TestJobs" name="test_categories" time="0.144" /><testcase classname="tests.backend_test.TestJobs" name="test_featured" time="0.228" /><testcase classname="tests.backend_test.TestAuth" name="test_login_seeker" time="0.367" /><testcase classname="tests.backend_test.TestJobs" name="test_list_jobs" time="0.331" /><testcase classname="tests.backend_test.TestAuth" name="test_login_employer" time="0.330" /><testcase classname="tests.backend_test.TestJobs" name="test_filter_by_category" time="0.092" /><testcase classname="tests.backend_test.TestJobs" name="test_filter_q" time="0.228" /><testcase classname="tests.backend_test.TestAuth" name="test_login_admin" time="0.326" /><testcase classname="tests.backend_test.TestAuth" name="test_login_bad_password" time="0.370" /><testcase classname="tests.backend_test.TestJobs" name="test_filter_location" time="0.100" /><testcase classname="tests.backend_test.TestJobs" name="test_filter_type_exp" time="0.274" /><testcase classname="tests.backend_test.TestAuth" name="test_me" time="0.099" /><testcase classname="tests.backend_test.TestJobs" name="test_get_single_job" time="0.224" /><testcase classname="tests.backend_test.TestAuth" name="test_update_me" time="0.201" /><testcase classname="tests.backend_test.TestJobs" name="test_get_missing_job" time="0.114" /><testcase classname="tests.backend_test.TestAuth" name="test_register_seeker" time="0.326" /><testcase classname="tests.backend_test.TestAuth" name="test_register_employer" time="0.445" /><testcase classname="tests.backend_test.TestAuth" name="test_register_duplicate" time="0.225" /><testcase classname="tests.backend_test.TestApplications" name="test_apply" time="1.241" /><testcase classname="tests.backend_test.TestAuth" name="test_missing_token" time="0.107" /><testcase classname="tests.backend_test.TestEmployerJobs" name="test_create_job" time="0.326" /><testcase classname="tests.backend_test.TestApplications" name="test_duplicate_apply_409" time="0.102" /><testcase classname="tests.backend_test.TestApplications" name="test_mine" time="0.138" /><testcase classname="tests.backend_test.TestEmployerJobs" name="test_employer_jobs_list" time="0.096" /><testcase classname="tests.backend_test.TestApplications" name="test_employer_sees_applicants" time="0.099" /><testcase classname="tests.backend_test.TestEmployerJobs" name="test_seeker_cannot_post_job" time="0.117" /><testcase classname="tests.backend_test.TestApplications" name="test_update_status" time="0.109" /><testcase classname="tests.backend_test.TestEmployerJobs" name="test_update_job" time="0.133" /><testcase classname="tests.backend_test.TestApplications" name="test_invalid_status" time="0.102" /><testcase classname="tests.backend_test.TestEmployerJobs" name="test_close_job" time="0.267" /><testcase classname="tests.backend_test.TestApplications" name="test_seeker_cant_view_job_apps" time="0.140" /><testcase classname="tests.backend_test.TestEmployerJobs" name="test_zzz_delete_job" time="0.518" /><testcase classname="tests.backend_test.TestAdmin" name="test_stats" time="0.454" /><testcase classname="tests.backend_test.TestAdmin" name="test_users_role_filter" time="0.112" /><testcase classname="tests.backend_test.TestAdmin" name="test_toggle_user_active" time="0.344" /><testcase classname="tests.backend_test.TestRBAC" name="test_seeker_cannot_admin_stats" time="0.103" /><testcase classname="tests.backend_test.TestRBAC" name="test_employer_cannot_admin_stats" time="0.140" /><testcase classname="tests.backend_test.TestRBAC" name="test_seeker_cannot_employer_jobs" time="0.099" /><testcase classname="tests.backend_test.TestAdmin" name="test_admin_jobs_and_toggle" time="0.398" /><testcase classname="tests.backend_test.TestRBAC" name="test_employer_cannot_apply" time="0.216" /><testcase classname="tests.backend_test.TestNotifications" name="test_employer_notification_on_apply" time="0.095" /><testcase classname="tests.backend_test.TestNotifications" name="test_seeker_notification_on_status" time="0.142" /><testcase classname="tests.backend_test.TestAdmin" name="test_add_delete_category" time="0.350" /><testcase classname="tests.backend_test.TestNotifications" name="test_read_all" time="0.227" /><testcase classname="tests.backend_test.TestSaved" name="test_toggle_and_list" time="0.580" /><testcase classname="tests.backend_test" name="test_root" time="0.127" /></testsuite></testsuites>